random5000.txt output

real	0m0.017s
user	0m0.013s
sys	0m0.004s



random10000.txt output

real	0m0.060s
user	0m0.054s
sys	0m0.005s



random50000.txt output

real	0m1.650s
user	0m1.625s
sys	0m0.024s



reversed5000.txt output

real	0m0.021s
user	0m0.017s
sys	0m0.004s



reversed10000.txt output

real	0m0.077s
user	0m0.071s
sys	0m0.005s



reversed50000.txt output

real	0m1.774s
user	0m1.751s
sys	0m0.021s



sorted5000.txt output

real	0m0.003s
user	0m0.000s
sys	0m0.003s



sorted10000.txt output

real	0m0.006s
user	0m0.001s
sys	0m0.004s



sorted50000.txt output

real	0m0.027s
user	0m0.006s
sys	0m0.021s



